================================================================================
ANOMALY ALERT LOG
================================================================================

Date: 2019-01-17, City: Mumbai, AQI: 184.00
  - CO: 3.25 (z-score: 3.73)

Date: 2018-05-26, City: Delhi, AQI: 244.00
  - PM10: 263.49 (z-score: 3.21)

Date: 2018-06-29, City: Patna, AQI: 104.00
  - NO2: 96.00 (z-score: 4.11)

Date: 2016-03-04, City: Patna, AQI: 327.00
  - PM2.5: 175.65 (z-score: 3.12)

Date: 2016-11-22, City: Lucknow, AQI: 369.00
  - PM2.5: 179.82 (z-score: 3.22)

Date: 2017-01-30, City: Gurugram, AQI: 335.00
  - PM2.5: 177.67 (z-score: 3.17)

Date: 2018-12-05, City: Mumbai, AQI: 163.00
  - CO: 3.26 (z-score: 3.75)

Date: 2016-01-01, City: Lucknow, AQI: 375.00
  - PM2.5: 203.43 (z-score: 3.83)
  - CO: 3.40 (z-score: 3.97)

Date: 2015-04-25, City: Bengaluru, AQI: 44.00
  - CO: 3.10 (z-score: 3.49)

Date: 2017-08-30, City: Delhi, AQI: 73.00
  - NO2: 101.89 (z-score: 4.45)
